[2026-02-14 15:29:11,503] INFO: ======================================================================
[2026-02-14 15:29:11,503] INFO: STRUCTURAL BREAK EXPERIMENTS RUNNER STARTED
[2026-02-14 15:29:11,503] INFO: ======================================================================
[2026-02-14 15:29:12,381] INFO: Parameters: T=400, Tb=200, n_sim=300
[2026-02-14 15:29:12,381] INFO: Quick mode: False
[2026-02-14 15:29:12,381] INFO: Starting variance break experiments...
[2026-02-14 15:29:12,381] INFO: ======================================================================
[2026-02-14 15:29:12,381] INFO: VARIANCE BREAK EXPERIMENTS START
[2026-02-14 15:29:12,381] INFO: ======================================================================
[2026-02-14 15:29:12,381] INFO: [1/2] Single variance breaks (T=400, Tb=200, n_sim=300)
[2026-02-14 15:29:12,381] INFO: Starting variance_single: Gaussian
[2026-02-14 15:30:15,526] INFO: ✓ variance_single Gaussian completed in 63.1s
[2026-02-14 15:30:15,526] INFO: Starting variance_single: Student-t(df=5)
[2026-02-14 15:32:06,813] INFO: ✓ variance_single Student-t(df=5) completed in 111.3s
[2026-02-14 15:32:06,815] INFO: Starting variance_single: Student-t(df=3)
[2026-02-14 15:32:59,471] INFO: ✓ variance_single Student-t(df=3) completed in 52.7s
[2026-02-14 15:32:59,472] INFO: Saving variance_single results by innovation type...
[2026-02-14 15:32:59,473] INFO:   Gaussian: best method = GARCH (RMSE=1.7579)
[2026-02-14 15:32:59,474] INFO: ✓ CSV saved: outputs/tables/variance_single_20260214_153259_Gaussian.csv
[2026-02-14 15:32:59,525] INFO: ✓ LaTeX table saved: outputs/tex/variance_single_20260214_153259_Gaussian.tex
[2026-02-14 15:32:59,526] INFO:   Student-t(df=3): best method = GARCH (RMSE=1.7964)
[2026-02-14 15:32:59,527] INFO: ✓ CSV saved: outputs/tables/variance_single_20260214_153259_Student-tdf3.csv
[2026-02-14 15:32:59,531] INFO: ✓ LaTeX table saved: outputs/tex/variance_single_20260214_153259_Student-tdf3.tex
[2026-02-14 15:32:59,532] INFO:   Student-t(df=5): best method = GARCH (RMSE=1.8432)
[2026-02-14 15:32:59,533] INFO: ✓ CSV saved: outputs/tables/variance_single_20260214_153259_Student-tdf5.csv
[2026-02-14 15:32:59,537] INFO: ✓ LaTeX table saved: outputs/tex/variance_single_20260214_153259_Student-tdf5.tex
[2026-02-14 15:32:59,537] INFO: [2/2] Recurring variance breaks (T=400, n_sim=300)
[2026-02-14 15:32:59,537] INFO: Starting variance_recurring (Markov-switching)
[2026-02-14 15:34:25,210] INFO: ✓ variance_recurring completed in 85.7s
[2026-02-14 15:34:25,211] INFO: Saving variance_recurring results...
[2026-02-14 15:34:25,212] INFO: ✓ CSV saved: outputs/tables/variance_recurring_20260214_153425_MarkovSwitching.csv
[2026-02-14 15:34:25,217] INFO: ✓ LaTeX table saved: outputs/tex/variance_recurring_20260214_153425_MarkovSwitching.tex
[2026-02-14 15:34:25,217] INFO:   ✓ Saved variance_recurring
[2026-02-14 15:34:25,225] INFO: ======================================================================
[2026-02-14 15:34:25,225] INFO: VARIANCE BREAK EXPERIMENTS COMPLETED
[2026-02-14 15:34:25,225] INFO: ======================================================================
[2026-02-14 15:34:25,225] INFO: Starting mean break experiments...
[2026-02-14 15:34:25,225] INFO: ======================================================================
[2026-02-14 15:34:25,225] INFO: MEAN BREAK EXPERIMENTS START
[2026-02-14 15:34:25,225] INFO: ======================================================================
[2026-02-14 15:34:25,225] INFO: [1/2] Single mean breaks (T=400, Tb=200, n_sim=300)
[2026-02-14 15:34:25,225] INFO: Starting mean_single: Gaussian
[2026-02-14 15:36:38,800] INFO: ✓ mean_single Gaussian completed in 133.6s
[2026-02-14 15:36:38,801] INFO: Starting mean_single: Student-t(df=5)
[2026-02-14 15:38:03,007] INFO: ✓ mean_single Student-t(df=5) completed in 84.2s
[2026-02-14 15:38:03,007] INFO: Starting mean_single: Student-t(df=3)
[2026-02-14 15:39:28,883] INFO: ✓ mean_single Student-t(df=3) completed in 85.9s
[2026-02-14 15:39:28,883] INFO: Saving mean_single results by innovation type...
[2026-02-14 15:39:28,884] INFO:   Gaussian: best method = SARIMA + Break Dummy (oracle Tb) (RMSE=1.0581)
[2026-02-14 15:39:28,885] INFO: ✓ CSV saved: outputs/tables/mean_single_20260214_153928_Gaussian.csv
[2026-02-14 15:39:28,888] INFO: ✓ LaTeX table saved: outputs/tex/mean_single_20260214_153928_Gaussian.tex
[2026-02-14 15:39:28,890] INFO:   Student-t(df=3): best method = SARIMA + Break Dummy (oracle Tb) (RMSE=1.8712)
[2026-02-14 15:39:28,891] INFO: ✓ CSV saved: outputs/tables/mean_single_20260214_153928_Student-tdf3.csv
[2026-02-14 15:39:28,894] INFO: ✓ LaTeX table saved: outputs/tex/mean_single_20260214_153928_Student-tdf3.tex
[2026-02-14 15:39:28,895] INFO:   Student-t(df=5): best method = SARIMA + Break Dummy (oracle Tb) (RMSE=1.1073)
[2026-02-14 15:39:28,897] INFO: ✓ CSV saved: outputs/tables/mean_single_20260214_153928_Student-tdf5.csv
[2026-02-14 15:39:28,900] INFO: ✓ LaTeX table saved: outputs/tex/mean_single_20260214_153928_Student-tdf5.tex
[2026-02-14 15:39:28,900] INFO: [2/2] Recurring mean breaks (T=400, n_sim=300)
[2026-02-14 15:39:28,901] INFO: Starting mean_recurring (Markov-switching)
[2026-02-14 15:41:37,769] INFO: ✓ mean_recurring completed in 128.9s
[2026-02-14 15:41:37,769] INFO: Saving mean_recurring results...
[2026-02-14 15:41:37,771] INFO: ✓ CSV saved: outputs/tables/mean_recurring_20260214_154137_MarkovSwitching.csv
[2026-02-14 15:41:37,773] INFO: ✓ LaTeX table saved: outputs/tex/mean_recurring_20260214_154137_MarkovSwitching.tex
[2026-02-14 15:41:37,773] INFO:   ✓ Saved mean_recurring
[2026-02-14 15:41:37,777] INFO: ======================================================================
[2026-02-14 15:41:37,777] INFO: MEAN BREAK EXPERIMENTS COMPLETED
[2026-02-14 15:41:37,777] INFO: ======================================================================
[2026-02-14 15:41:37,777] INFO: Starting parameter break experiments...
[2026-02-14 15:41:37,777] INFO: ======================================================================
[2026-02-14 15:41:37,777] INFO: PARAMETER BREAK EXPERIMENTS START
[2026-02-14 15:41:37,778] INFO: ======================================================================
[2026-02-14 15:41:37,778] INFO: [1/2] Single parameter breaks (T=400, Tb=200, n_sim=300)
[2026-02-14 15:41:37,778] INFO: Starting parameter_single: Gaussian
[2026-02-14 15:43:05,684] INFO: ✓ parameter_single Gaussian completed in 87.9s
[2026-02-14 15:43:05,684] INFO: Starting parameter_single: Student-t(df=5)
[2026-02-14 15:44:29,528] INFO: ✓ parameter_single Student-t(df=5) completed in 83.8s
[2026-02-14 15:44:29,528] INFO: Starting parameter_single: Student-t(df=3)
[2026-02-14 15:45:40,863] INFO: ✓ parameter_single Student-t(df=3) completed in 71.3s
[2026-02-14 15:45:40,863] INFO: Saving parameter_single results by innovation type...
[2026-02-14 15:45:40,864] INFO:   Gaussian: best method = MS AR (RMSE=1.1156)
[2026-02-14 15:45:40,865] INFO: ✓ CSV saved: outputs/tables/parameter_single_20260214_154540_Gaussian.csv
[2026-02-14 15:45:40,867] INFO: ✓ LaTeX table saved: outputs/tex/parameter_single_20260214_154540_Gaussian.tex
[2026-02-14 15:45:40,868] INFO:   Student-t(df=3): best method = Rolling SARIMA (RMSE=0.8775)
[2026-02-14 15:45:40,869] INFO: ✓ CSV saved: outputs/tables/parameter_single_20260214_154540_Student-tdf3.csv
[2026-02-14 15:45:40,871] INFO: ✓ LaTeX table saved: outputs/tex/parameter_single_20260214_154540_Student-tdf3.tex
[2026-02-14 15:45:40,872] INFO:   Student-t(df=5): best method = MS AR (RMSE=1.1223)
[2026-02-14 15:45:40,873] INFO: ✓ CSV saved: outputs/tables/parameter_single_20260214_154540_Student-tdf5.csv
[2026-02-14 15:45:40,875] INFO: ✓ LaTeX table saved: outputs/tex/parameter_single_20260214_154540_Student-tdf5.tex
[2026-02-14 15:45:40,875] INFO: [2/2] Recurring parameter breaks (T=400, n_sim=300)
[2026-02-14 15:45:40,876] INFO: Starting parameter_recurring: p=0.9
[2026-02-14 15:47:53,977] INFO: ✓ parameter_recurring p=0.9 completed in 133.1s
[2026-02-14 15:47:53,978] INFO: Starting parameter_recurring: p=0.95
[2026-02-14 15:48:53,671] INFO: ✓ parameter_recurring p=0.95 completed in 59.7s
[2026-02-14 15:48:53,671] INFO: Starting parameter_recurring: p=0.99
[2026-02-14 15:49:54,225] INFO: ✓ parameter_recurring p=0.99 completed in 60.6s
[2026-02-14 15:49:54,226] INFO: Saving parameter_recurring results by persistence level...
[2026-02-14 15:49:54,240] INFO:   p=0.9: best method = MS AR (RMSE=1.1426)
[2026-02-14 15:49:54,241] INFO: ✓ CSV saved: outputs/tables/parameter_recurring_20260214_154954_p09.csv
[2026-02-14 15:49:54,244] INFO: ✓ LaTeX table saved: outputs/tex/parameter_recurring_20260214_154954_p09.tex
[2026-02-14 15:49:54,244] INFO:   p=0.95: best method = MS AR (RMSE=1.0778)
[2026-02-14 15:49:54,245] INFO: ✓ CSV saved: outputs/tables/parameter_recurring_20260214_154954_p095.csv
[2026-02-14 15:49:54,247] INFO: ✓ LaTeX table saved: outputs/tex/parameter_recurring_20260214_154954_p095.tex
[2026-02-14 15:49:54,248] INFO:   p=0.99: best method = MS AR (RMSE=1.0318)
[2026-02-14 15:49:54,249] INFO: ✓ CSV saved: outputs/tables/parameter_recurring_20260214_154954_p099.csv
[2026-02-14 15:49:54,251] INFO: ✓ LaTeX table saved: outputs/tex/parameter_recurring_20260214_154954_p099.tex
[2026-02-14 15:49:54,257] INFO: ======================================================================
[2026-02-14 15:49:54,257] INFO: PARAMETER BREAK EXPERIMENTS COMPLETED
[2026-02-14 15:49:54,257] INFO: ======================================================================
[2026-02-14 15:49:54,261] INFO: ✓ Combined results saved: outputs/tables/aligned_breaks_20260214_154954.csv
[2026-02-14 15:49:54,269] INFO: ✓ LaTeX table saved: outputs/tex/aligned_breaks_20260214_154954.tex
[2026-02-14 15:49:54,269] INFO: 
======================================================================
 OVERALL SUMMARY
======================================================================
Total results: 54 rows
Time elapsed: 1241.9 seconds (20.7 minutes)

Results saved to: 
  CSV: outputs/tables/aligned_breaks_20260214_154954.csv
  LaTeX: outputs/tex/aligned_breaks_20260214_154954.tex
  Log: outputs/logs/run_20260214_152911.log

Metrics available: RMSE, MAE, Bias, Variance

[2026-02-14 15:49:54,276] INFO: Top methods:
                          Method     RMSE      MAE      Bias
                  Rolling SARIMA 0.877490 0.641806 -0.034542
                   Global SARIMA 0.964247 0.699896 -0.019149
                           MS AR 0.970157 0.656017  0.016789
                           MS AR 1.031788 0.804293 -0.010238
SARIMA + Break Dummy (oracle Tb) 1.058136 0.818800  0.195359
[2026-02-14 15:49:54,276] INFO: ======================================================================
[2026-02-14 15:49:54,276] INFO: RUNNER COMPLETED SUCCESSFULLY
[2026-02-14 15:49:54,276] INFO: ======================================================================
